[0mCompiling "target/cljsbuild/public/js/app.js" from ["src/cljs" "src/cljc" "env/dev/cljs"]...[0m
[31mFailed to compile "target/cljsbuild/public/js/app.js" in 0.903 seconds.[0m
[36m----  Could not Analyze  src/cljs/test_task/core.cljs   line:49  column:13  ----[0m

  [1mWrong number of args (0) passed to: core/->[0m

  [36m47[0m  [36m(defmulti display-fizzbazz[0m
  [36m48[0m  [36m          (fn [n][0m
  [33m49[0m  [1m            (->)))[0m
  [0m  [0m  [33m            ^--- Wrong number of args (0) passed to: core/->[0m
  [36m50[0m  [36m[0m
  [36m51[0m  [36m(defn name[0m
  [36m52[0m  [36m  "FizzBazz component"[0m

[36m----  Analysis Error : Please see src/cljs/test_task/core.cljs  ----[0m
[0mCompiling "target/cljsbuild/public/js/app.js" from ["src/cljs" "src/cljc" "env/dev/cljs"]...[0m
[31mFailed to compile "target/cljsbuild/public/js/app.js" in 0.652 seconds.[0m
[36m----  Could not Analyze  src/cljs/test_task/core.cljs   line:49  column:13  ----[0m

  [1mAssert failed: (even? (count clauses))[0m

  [36m47[0m  [36m(defmulti display-fizzbazz[0m
  [36m48[0m  [36m          (fn [n][0m
  [33m49[0m  [1m            (cond-> ""[0m
  [0m  [0m  [33m            ^--- Assert failed: (even? (count clauses))[0m
  [36m50[0m  [36m              (str n))))[0m
  [36m51[0m  [36m[0m
  [36m52[0m  [36m(defn name[0m

[36m----  Analysis Error : Please see src/cljs/test_task/core.cljs  ----[0m
[0mCompiling "target/cljsbuild/public/js/app.js" from ["src/cljs" "src/cljc" "env/dev/cljs"]...[0m
[36m----  Compiler Warning on   src/cljs/test_task/core.cljs   line:52  column:1  ----[0m

  [1mname already refers to: cljs.core/name being replaced by: test-task.core/name[0m

  [36m48[0m  [36m          (fn [n][0m
  [36m49[0m  [36m            (case n[0m
  [36m50[0m  [36m              (str n))))[0m
  [36m51[0m  [36m[0m
  [33m52[0m  [1m(defn name[0m
  [0m  [0m  [33m^--- name already refers to: cljs.core/name being replaced by: test-task.core/name[0m
  [36m53[0m  [36m  "FizzBazz component"[0m
  [36m54[0m  [36m  [][0m
  [36m55[0m  [36m  [:div.container[0m
  [36m56[0m  [36m   [:div.row[0m
  [36m57[0m  [36m    (->> (range 101)[0m

[36m----  Compiler Warning : Please see src/cljs/test_task/core.cljs  ----[0m
[31mFailed to compile "target/cljsbuild/public/js/app.js" in 0.633 seconds.[0m
[36m----  Could not Analyze  src/cljs/test_task/core.cljs   line:61  column:1  ----[0m

  [1mUnable to resolve var: fizzbazz-page in this context at line 61 /Volumes/stuff/clojure/test-task/src/cljs/test_task/core.cljs[0m

  [36m59[0m  [36m         doall)]])[0m
  [36m60[0m  [36m[0m
  [33m61[0m  [1m(def pages[0m
  [0m  [0m  [33m^--- Unable to resolve var: fizzbazz-page in this context at line 61 /Volumes/stuff/clojure/test-task/src/cljs/test_task/core.cljs[0m
  [36m62[0m  [36m  {:home #'home-page[0m
  [36m63[0m  [36m   :about #'about-page[0m
  [36m64[0m  [36m   :fizzbazz #'fizzbazz-page})[0m

[36m----  Analysis Error : Please see src/cljs/test_task/core.cljs  ----[0m
[0mCompiling "target/cljsbuild/public/js/app.js" from ["src/cljs" "src/cljc" "env/dev/cljs"]...[0m
[31mFailed to compile "target/cljsbuild/public/js/app.js" in 0.71 seconds.[0m
[36m----  Could not Analyze  src/cljs/test_task/core.cljs   line:49  column:13  ----[0m

  [1mAssert failed: (even? (count clauses))[0m

  [36m47[0m  [36m(defmulti display-fizzbazz[0m
  [36m48[0m  [36m          (fn [n][0m
  [33m49[0m  [1m            (cond-> "case"[0m
  [0m  [0m  [33m            ^--- Assert failed: (even? (count clauses))[0m
  [36m50[0m  [36m              (str n))))[0m
  [36m51[0m  [36m[0m
  [36m52[0m  [36m(defn name[0m

[36m----  Analysis Error : Please see src/cljs/test_task/core.cljs  ----[0m
[0mCompiling "target/cljsbuild/public/js/app.js" from ["src/cljs" "src/cljc" "env/dev/cljs"]...[0m
[31mFailed to compile "target/cljsbuild/public/js/app.js" in 0.664 seconds.[0m
[36m----  Could not Analyze  src/cljs/test_task/core.cljs   line:61  column:1  ----[0m

  [1mParameter declaration missing[0m

  [36m59[0m  [36m                         keyword)))))[0m
  [36m60[0m  [36m[0m
  [33m61[0m  [1m(defmethod fizzbazz :case)[0m
  [0m  [0m  [33m^--- Parameter declaration missing[0m
  [36m62[0m  [36m[0m
  [36m63[0m  [36m(defn name[0m
  [36m64[0m  [36m  "FizzBazz component"[0m

[36m----  Analysis Error : Please see src/cljs/test_task/core.cljs  ----[0m
[0mCompiling "target/cljsbuild/public/js/app.js" from ["src/cljs" "src/cljc" "env/dev/cljs"]...[0m
[36m----  Compiler Warning on   src/cljs/test_task/core.cljs   line:50  column:1  ----[0m

  [1mname already refers to: cljs.core/name being replaced by: test-task.core/name[0m

  [36m47[0m  [36m(defn fizzbazz [n][0m
  [36m48[0m  [36m  ())[0m
  [36m49[0m  [36m[0m
  [33m50[0m  [1m(defn name[0m
  [0m  [0m  [33m^--- name already refers to: cljs.core/name being replaced by: test-task.core/name[0m
  [36m51[0m  [36m  "FizzBazz component"[0m
  [36m52[0m  [36m  [][0m
  [36m53[0m  [36m  [:div.container[0m
  [36m54[0m  [36m   [:div.row[0m
  [36m55[0m  [36m    (->> (range 101)[0m

[36m----  Compiler Warning : Please see src/cljs/test_task/core.cljs  ----[0m
[31mFailed to compile "target/cljsbuild/public/js/app.js" in 0.724 seconds.[0m
[36m----  Could not Analyze  src/cljs/test_task/core.cljs   line:59  column:1  ----[0m

  [1mUnable to resolve var: fizzbazz-page in this context at line 59 /Volumes/stuff/clojure/test-task/src/cljs/test_task/core.cljs[0m

  [36m57[0m  [36m         doall)]])[0m
  [36m58[0m  [36m[0m
  [33m59[0m  [1m(def pages[0m
  [0m  [0m  [33m^--- Unable to resolve var: fizzbazz-page in this context at line 59 /Volumes/stuff/clojure/test-task/src/cljs/test_task/core.cljs[0m
  [36m60[0m  [36m  {:home #'home-page[0m
  [36m61[0m  [36m   :about #'about-page[0m
  [36m62[0m  [36m   :fizzbazz #'fizzbazz-page})[0m

[36m----  Analysis Error : Please see src/cljs/test_task/core.cljs  ----[0m
[0mCompiling "target/cljsbuild/public/js/app.js" from ["src/cljs" "src/cljc" "env/dev/cljs"]...[0m
[31mFailed to compile "target/cljsbuild/public/js/app.js" in 0.594 seconds.[0m
[36m----  Could not Read  src/cljs/test_task/core.cljs   line:50 ----[0m

  [1m/Volumes/stuff/clojure/test-task/src/cljs/test_task/core.cljs [line 50, col 28] Invalid symbol: /3.[0m

  [36m48[0m  [36m(let [n (str n)][0m
  [36m49[0m  [36m  (cond-> nil[0m
  [33m50[0m  [1m          (contains? n /3) (str "Fizz")[0m
  [0m  [0m  [33m          /Volumes/stuff/clojure/test-task/src/cljs/test_task/core.cljs [line 50, col 28] Invalid symbol: /3.[0m
  [36m51[0m  [36m          (contains? n /5) (str "Buzz")[0m
  [36m52[0m  [36m          :always          (or n))))[0m

[36m----  Reader Error : Please see src/cljs/test_task/core.cljs  ----[0m
[0mCompiling "target/cljsbuild/public/js/app.js" from ["src/cljs" "src/cljc" "env/dev/cljs"]...[0m
[31mFailed to compile "target/cljsbuild/public/js/app.js" in 0.672 seconds.[0m
[36m----  Could not Read  src/cljs/test_task/core.cljs   line:50 ----[0m

  [1m/Volumes/stuff/clojure/test-task/src/cljs/test_task/core.cljs [line 50, col 28] Invalid symbol: /3.[0m

  [36m48[0m  [36m(let [n (str n)][0m
  [36m49[0m  [36m  (cond-> nil[0m
  [33m50[0m  [1m          (contains? n /3) (str "Fizz")[0m
  [0m  [0m  [33m          /Volumes/stuff/clojure/test-task/src/cljs/test_task/core.cljs [line 50, col 28] Invalid symbol: /3.[0m
  [36m51[0m  [36m          (contains? n /5) (str "Buzz")[0m
  [36m52[0m  [36m          :always          (or n))))[0m

[36m----  Reader Error : Please see src/cljs/test_task/core.cljs  ----[0m
[0mCompiling "target/cljsbuild/public/js/app.js" from ["src/cljs" "src/cljc" "env/dev/cljs"]...[0m
[32mSuccessfully compiled "target/cljsbuild/public/js/app.js" in 0.906 seconds.[0m
notifying browser that file changed:  target/cljsbuild/public/js/out/goog/deps.js
notifying browser that file changed:  target/cljsbuild/public/js/out/cljs_deps.js
notifying browser that file changed:  target/cljsbuild/public/js/out/test_task/core.js
[0mCompiling "target/cljsbuild/public/js/app.js" from ["src/cljs" "src/cljc" "env/dev/cljs"]...[0m
[32mSuccessfully compiled "target/cljsbuild/public/js/app.js" in 1.151 seconds.[0m
notifying browser that file changed:  target/cljsbuild/public/js/out/test_task/core.js
[0mCompiling "target/cljsbuild/public/js/app.js" from ["src/cljs" "src/cljc" "env/dev/cljs"]...[0m
[32mSuccessfully compiled "target/cljsbuild/public/js/app.js" in 0.792 seconds.[0m
notifying browser that file changed:  target/cljsbuild/public/js/out/test_task/core.js
[0mCompiling "target/cljsbuild/public/js/app.js" from ["src/cljs" "src/cljc" "env/dev/cljs"]...[0m
[32mSuccessfully compiled "target/cljsbuild/public/js/app.js" in 0.889 seconds.[0m
notifying browser that file changed:  target/cljsbuild/public/js/out/cljs_deps.js
notifying browser that file changed:  target/cljsbuild/public/js/out/test_task/core.js
[0mCompiling "target/cljsbuild/public/js/app.js" from ["src/cljs" "src/cljc" "env/dev/cljs"]...[0m
[32mSuccessfully compiled "target/cljsbuild/public/js/app.js" in 0.848 seconds.[0m
notifying browser that file changed:  target/cljsbuild/public/js/out/test_task/core.js
[0mCompiling "target/cljsbuild/public/js/app.js" from ["src/cljs" "src/cljc" "env/dev/cljs"]...[0m
[32mSuccessfully compiled "target/cljsbuild/public/js/app.js" in 0.987 seconds.[0m
notifying browser that file changed:  target/cljsbuild/public/js/out/test_task/core.js
[0mCompiling "target/cljsbuild/public/js/app.js" from ["src/cljs" "src/cljc" "env/dev/cljs"]...[0m
[32mSuccessfully compiled "target/cljsbuild/public/js/app.js" in 0.822 seconds.[0m
notifying browser that file changed:  target/cljsbuild/public/js/out/test_task/core.js
[0mCompiling "target/cljsbuild/public/js/app.js" from ["src/cljs" "src/cljc" "env/dev/cljs"]...[0m
[36m----  Compiler Warning on   src/cljs/test_task/core.cljs   line:119  column:18  ----[0m

  [1mUse of undeclared Var test-task.core/handler[0m

  [36m115[0m  [36m(defn fetch-docs! [][0m
  [36m116[0m  [36m  (GET "/docs" {:handler #(rf/dispatch [:set-docs %])}))[0m
  [36m117[0m  [36m[0m
  [36m118[0m  [36m(defn get-users! [][0m
  [33m119[0m  [1m  (GET "/users" {handler #(rf/dispatch [:append-users %])}))[0m
  [0m   [0m  [33m                 ^--- Use of undeclared Var test-task.core/handler[0m
  [36m120[0m  [36m[0m
  [36m121[0m  [36m(defn mount-components [][0m
  [36m122[0m  [36m  (rf/clear-subscription-cache!)[0m
  [36m123[0m  [36m  (r/render [#'page] (.getElementById js/document "app")))[0m

[36m----  Compiler Warning : Please see src/cljs/test_task/core.cljs  ----[0m
[32mSuccessfully compiled "target/cljsbuild/public/js/app.js" in 0.824 seconds.[0m
notifying browser that file changed:  target/cljsbuild/public/js/out/test_task/events.js
notifying browser that file changed:  target/cljsbuild/public/js/out/test_task/core.js
[0mCompiling "target/cljsbuild/public/js/app.js" from ["src/cljs" "src/cljc" "env/dev/cljs"]...[0m
[32mSuccessfully compiled "target/cljsbuild/public/js/app.js" in 0.844 seconds.[0m
notifying browser that file changed:  target/cljsbuild/public/js/out/test_task/core.js
[0mCompiling "target/cljsbuild/public/js/app.js" from ["src/cljs" "src/cljc" "env/dev/cljs"]...[0m
[32mSuccessfully compiled "target/cljsbuild/public/js/app.js" in 0.765 seconds.[0m
notifying browser that file changed:  target/cljsbuild/public/js/out/test_task/events.js
[0mCompiling "target/cljsbuild/public/js/app.js" from ["src/cljs" "src/cljc" "env/dev/cljs"]...[0m
[32mSuccessfully compiled "target/cljsbuild/public/js/app.js" in 1.005 seconds.[0m
notifying browser that file changed:  target/cljsbuild/public/js/out/test_task/core.js
[0mCompiling "target/cljsbuild/public/js/app.js" from ["src/cljs" "src/cljc" "env/dev/cljs"]...[0m
[32mSuccessfully compiled "target/cljsbuild/public/js/app.js" in 0.755 seconds.[0m
notifying browser that file changed:  target/cljsbuild/public/js/out/test_task/core.js
[0mCompiling "target/cljsbuild/public/js/app.js" from ["src/cljs" "src/cljc" "env/dev/cljs"]...[0m
[32mSuccessfully compiled "target/cljsbuild/public/js/app.js" in 0.73 seconds.[0m
notifying browser that file changed:  target/cljsbuild/public/js/out/test_task/core.js
[0mCompiling "target/cljsbuild/public/js/app.js" from ["src/cljs" "src/cljc" "env/dev/cljs"]...[0m
[32mSuccessfully compiled "target/cljsbuild/public/js/app.js" in 0.829 seconds.[0m
notifying browser that file changed:  target/cljsbuild/public/js/out/test_task/core.js
[0mCompiling "target/cljsbuild/public/js/app.js" from ["src/cljs" "src/cljc" "env/dev/cljs"]...[0m
[36m----  Compiler Warning on   src/cljs/test_task/events.cljs   line:45  column:2  ----[0m

  [1mUse of undeclared Var test-task.events/def-sub[0m

  [36m41[0m  [36m  :docs[0m
  [36m42[0m  [36m  (fn [db _][0m
  [36m43[0m  [36m    (:docs db)))[0m
  [36m44[0m  [36m[0m
  [33m45[0m  [1m(def-sub[0m
  [0m  [0m  [33m ^--- Use of undeclared Var test-task.events/def-sub[0m
  [36m46[0m  [36m  :users[0m
  [36m47[0m  [36m  (fn [db _][0m
  [36m48[0m  [36m    (:users db)))[0m

[36m----  Compiler Warning : Please see src/cljs/test_task/events.cljs  ----[0m
[32mSuccessfully compiled "target/cljsbuild/public/js/app.js" in 0.983 seconds.[0m
notifying browser that file changed:  target/cljsbuild/public/js/out/test_task/events.js
[0mCompiling "target/cljsbuild/public/js/app.js" from ["src/cljs" "src/cljc" "env/dev/cljs"]...[0m
[32mSuccessfully compiled "target/cljsbuild/public/js/app.js" in 0.909 seconds.[0m
notifying browser that file changed:  target/cljsbuild/public/js/out/test_task/events.js
[0mCompiling "target/cljsbuild/public/js/app.js" from ["src/cljs" "src/cljc" "env/dev/cljs"]...[0m
[32mSuccessfully compiled "target/cljsbuild/public/js/app.js" in 0.833 seconds.[0m
notifying browser that file changed:  target/cljsbuild/public/js/out/test_task/core.js
[0mCompiling "target/cljsbuild/public/js/app.js" from ["src/cljs" "src/cljc" "env/dev/cljs"]...[0m
[32mSuccessfully compiled "target/cljsbuild/public/js/app.js" in 1.18 seconds.[0m
notifying browser that file changed:  target/cljsbuild/public/js/out/test_task/core.js
[0mCompiling "target/cljsbuild/public/js/app.js" from ["src/cljs" "src/cljc" "env/dev/cljs"]...[0m
[32mSuccessfully compiled "target/cljsbuild/public/js/app.js" in 0.98 seconds.[0m
notifying browser that file changed:  target/cljsbuild/public/js/out/cljs_deps.js
notifying browser that file changed:  target/cljsbuild/public/js/out/test_task/core.js
[0mCompiling "target/cljsbuild/public/js/app.js" from ["src/cljs" "src/cljc" "env/dev/cljs"]...[0m
[32mSuccessfully compiled "target/cljsbuild/public/js/app.js" in 0.836 seconds.[0m
notifying browser that file changed:  target/cljsbuild/public/js/out/test_task/core.js
[0mCompiling "target/cljsbuild/public/js/app.js" from ["src/cljs" "src/cljc" "env/dev/cljs"]...[0m
[32mSuccessfully compiled "target/cljsbuild/public/js/app.js" in 0.83 seconds.[0m
notifying browser that file changed:  target/cljsbuild/public/js/out/test_task/core.js
[0mCompiling "target/cljsbuild/public/js/app.js" from ["src/cljs" "src/cljc" "env/dev/cljs"]...[0m
[32mSuccessfully compiled "target/cljsbuild/public/js/app.js" in 0.745 seconds.[0m
notifying browser that file changed:  target/cljsbuild/public/js/out/test_task/core.js
[0mCompiling "target/cljsbuild/public/js/app.js" from ["src/cljs" "src/cljc" "env/dev/cljs"]...[0m
[32mSuccessfully compiled "target/cljsbuild/public/js/app.js" in 0.794 seconds.[0m
notifying browser that file changed:  target/cljsbuild/public/js/out/test_task/core.js
[0mCompiling "target/cljsbuild/public/js/app.js" from ["src/cljs" "src/cljc" "env/dev/cljs"]...[0m
[32mSuccessfully compiled "target/cljsbuild/public/js/app.js" in 0.755 seconds.[0m
notifying browser that file changed:  target/cljsbuild/public/js/out/test_task/core.js
[0mCompiling "target/cljsbuild/public/js/app.js" from ["src/cljs" "src/cljc" "env/dev/cljs"]...[0m
[31mFailed to compile "target/cljsbuild/public/js/app.js" in 0.498 seconds.[0m
[36m----  Could not Analyze  src/cljs/test_task/core.cljs   line:15  column:1  ----[0m

  [1mParameter declaration "t/reader" should be a vector[0m

  [36m13[0m  [36m  (:import goog.History))[0m
  [36m14[0m  [36m[0m
  [33m15[0m  [1m(defn json-reader (t/reader :json))[0m
  [0m  [0m  [33m^--- Parameter declaration "t/reader" should be a vector[0m
  [36m16[0m  [36m[0m
  [36m17[0m  [36m(defn json-writer (t/writer :json))[0m

[36m----  Analysis Error : Please see src/cljs/test_task/core.cljs  ----[0m
[0mCompiling "target/cljsbuild/public/js/app.js" from ["src/cljs" "src/cljc" "env/dev/cljs"]...[0m
[36m----  Compiler Warning on   target/cljsbuild/public/js/out/cuerdas/core.cljc   line:643  column:14  ----[0m

  [1mUse of undeclared Var cuerdas.core/NaN[0m

  [36m639[0m  [36m  string to number. It works with both integers[0m
  [36m640[0m  [36m  and floats."[0m
  [36m641[0m  [36m  [s][0m
  [36m642[0m  [36m  (if (nil? s)[0m
  [33m643[0m  [1m    #?(:cljs NaN :clj Double/NaN)[0m
  [0m   [0m  [33m             ^--- Use of undeclared Var cuerdas.core/NaN[0m
  [36m644[0m  [36m    (if (numeric? s)[0m
  [36m645[0m  [36m      (edn/read-string s)[0m
  [36m646[0m  [36m      #?(:cljs NaN :clj Double/NaN))))[0m
  [36m647[0m  [36m[0m
  [36m648[0m  [36m(defn parse-double[0m

[36m----  Compiler Warning : Please see target/cljsbuild/public/js/out/cuerdas/core.cljc  ----[0m
[36m----  Compiler Warning on   target/cljsbuild/public/js/out/cuerdas/core.cljc   line:646  column:16  ----[0m

  [1mUse of undeclared Var cuerdas.core/NaN[0m

  [36m642[0m  [36m  (if (nil? s)[0m
  [36m643[0m  [36m    #?(:cljs NaN :clj Double/NaN)[0m
  [36m644[0m  [36m    (if (numeric? s)[0m
  [36m645[0m  [36m      (edn/read-string s)[0m
  [33m646[0m  [1m      #?(:cljs NaN :clj Double/NaN))))[0m
  [0m   [0m  [33m               ^--- Use of undeclared Var cuerdas.core/NaN[0m
  [36m647[0m  [36m[0m
  [36m648[0m  [36m(defn parse-double[0m
  [36m649[0m  [36m  "Return the double value from string."[0m
  [36m650[0m  [36m  [^String s][0m
  [36m651[0m  [36m  #?(:cljs (js/parseFloat s)[0m

[36m----  Compiler Warning : Please see target/cljsbuild/public/js/out/cuerdas/core.cljc  ----[0m
[32mSuccessfully compiled "target/cljsbuild/public/js/app.js" in 4.808 seconds.[0m
notifying browser that file changed:  target/cljsbuild/public/js/out/goog/deps.js
notifying browser that file changed:  target/cljsbuild/public/js/out/cljs_deps.js
notifying browser that file changed:  target/cljsbuild/public/js/out/test_task/core.js
[0mCompiling "target/cljsbuild/public/js/app.js" from ["src/cljs" "src/cljc" "env/dev/cljs"]...[0m
[32mSuccessfully compiled "target/cljsbuild/public/js/app.js" in 1.431 seconds.[0m
notifying browser that file changed:  target/cljsbuild/public/js/out/goog/deps.js
notifying browser that file changed:  target/cljsbuild/public/js/out/cljs_deps.js
notifying browser that file changed:  target/cljsbuild/public/js/out/test_task/core.js
[0mCompiling "target/cljsbuild/public/js/app.js" from ["src/cljs" "src/cljc" "env/dev/cljs"]...[0m
[32mSuccessfully compiled "target/cljsbuild/public/js/app.js" in 1.466 seconds.[0m
notifying browser that file changed:  target/cljsbuild/public/js/out/test_task/core.js
[0mCompiling "target/cljsbuild/public/js/app.js" from ["src/cljs" "src/cljc" "env/dev/cljs"]...[0m
[32mSuccessfully compiled "target/cljsbuild/public/js/app.js" in 2.549 seconds.[0m
notifying browser that file changed:  target/cljsbuild/public/js/out/test_task/core.js
[0mCompiling "target/cljsbuild/public/js/app.js" from ["src/cljs" "src/cljc" "env/dev/cljs"]...[0m
[32mSuccessfully compiled "target/cljsbuild/public/js/app.js" in 1.722 seconds.[0m
notifying browser that file changed:  target/cljsbuild/public/js/out/test_task/core.js
[0mCompiling "target/cljsbuild/public/js/app.js" from ["src/cljs" "src/cljc" "env/dev/cljs"]...[0m
[32mSuccessfully compiled "target/cljsbuild/public/js/app.js" in 1.009 seconds.[0m
notifying browser that file changed:  target/cljsbuild/public/js/out/test_task/core.js
[0mCompiling "target/cljsbuild/public/js/app.js" from ["src/cljs" "src/cljc" "env/dev/cljs"]...[0m
[32mSuccessfully compiled "target/cljsbuild/public/js/app.js" in 0.919 seconds.[0m
notifying browser that file changed:  target/cljsbuild/public/js/out/test_task/core.js
[0mCompiling "target/cljsbuild/public/js/app.js" from ["src/cljs" "src/cljc" "env/dev/cljs"]...[0m
[32mSuccessfully compiled "target/cljsbuild/public/js/app.js" in 0.912 seconds.[0m
notifying browser that file changed:  target/cljsbuild/public/js/out/test_task/core.js
[0mCompiling "target/cljsbuild/public/js/app.js" from ["src/cljs" "src/cljc" "env/dev/cljs"]...[0m
[32mSuccessfully compiled "target/cljsbuild/public/js/app.js" in 0.888 seconds.[0m
notifying browser that file changed:  target/cljsbuild/public/js/out/test_task/events.js
[0mCompiling "target/cljsbuild/public/js/app.js" from ["src/cljs" "src/cljc" "env/dev/cljs"]...[0m
[32mSuccessfully compiled "target/cljsbuild/public/js/app.js" in 0.906 seconds.[0m
notifying browser that file changed:  target/cljsbuild/public/js/out/test_task/events.js
[0mCompiling "target/cljsbuild/public/js/app.js" from ["src/cljs" "src/cljc" "env/dev/cljs"]...[0m
[32mSuccessfully compiled "target/cljsbuild/public/js/app.js" in 0.831 seconds.[0m
notifying browser that file changed:  target/cljsbuild/public/js/out/test_task/events.js
[0mCompiling "target/cljsbuild/public/js/app.js" from ["src/cljs" "src/cljc" "env/dev/cljs"]...[0m
[32mSuccessfully compiled "target/cljsbuild/public/js/app.js" in 0.946 seconds.[0m
notifying browser that file changed:  target/cljsbuild/public/js/out/test_task/events.js
[0mCompiling "target/cljsbuild/public/js/app.js" from ["src/cljs" "src/cljc" "env/dev/cljs"]...[0m
[32mSuccessfully compiled "target/cljsbuild/public/js/app.js" in 0.946 seconds.[0m
notifying browser that file changed:  target/cljsbuild/public/js/out/test_task/events.js
[0mCompiling "target/cljsbuild/public/js/app.js" from ["src/cljs" "src/cljc" "env/dev/cljs"]...[0m
[32mSuccessfully compiled "target/cljsbuild/public/js/app.js" in 0.824 seconds.[0m
notifying browser that file changed:  target/cljsbuild/public/js/out/test_task/events.js
[0mCompiling "target/cljsbuild/public/js/app.js" from ["src/cljs" "src/cljc" "env/dev/cljs"]...[0m
[32mSuccessfully compiled "target/cljsbuild/public/js/app.js" in 1.027 seconds.[0m
notifying browser that file changed:  target/cljsbuild/public/js/out/test_task/core.js
[0mCompiling "target/cljsbuild/public/js/app.js" from ["src/cljs" "src/cljc" "env/dev/cljs"]...[0m
[32mSuccessfully compiled "target/cljsbuild/public/js/app.js" in 0.87 seconds.[0m
notifying browser that file changed:  target/cljsbuild/public/js/out/test_task/events.js
[0mCompiling "target/cljsbuild/public/js/app.js" from ["src/cljs" "src/cljc" "env/dev/cljs"]...[0m
[32mSuccessfully compiled "target/cljsbuild/public/js/app.js" in 0.87 seconds.[0m
notifying browser that file changed:  target/cljsbuild/public/js/out/test_task/core.js
[0mCompiling "target/cljsbuild/public/js/app.js" from ["src/cljs" "src/cljc" "env/dev/cljs"]...[0m
[32mSuccessfully compiled "target/cljsbuild/public/js/app.js" in 0.957 seconds.[0m
notifying browser that file changed:  target/cljsbuild/public/js/out/test_task/core.js
[0mCompiling "target/cljsbuild/public/js/app.js" from ["src/cljs" "src/cljc" "env/dev/cljs"]...[0m
[32mSuccessfully compiled "target/cljsbuild/public/js/app.js" in 0.801 seconds.[0m
notifying browser that file changed:  target/cljsbuild/public/js/out/test_task/core.js
[0mCompiling "target/cljsbuild/public/js/app.js" from ["src/cljs" "src/cljc" "env/dev/cljs"]...[0m
[32mSuccessfully compiled "target/cljsbuild/public/js/app.js" in 0.789 seconds.[0m
notifying browser that file changed:  target/cljsbuild/public/js/out/test_task/core.js
[0mCompiling "target/cljsbuild/public/js/app.js" from ["src/cljs" "src/cljc" "env/dev/cljs"]...[0m
[31mFailed to compile "target/cljsbuild/public/js/app.js" in 0.564 seconds.[0m
[36m----  Could not Analyze  src/cljs/test_task/core.cljs  ----[0m

  [1mInvalid :refer, var clojure.walk/keyw does not exist [0m

[36m----  Analysis Error : Please see src/cljs/test_task/core.cljs  ----[0m
[0mCompiling "target/cljsbuild/public/js/app.js" from ["src/cljs" "src/cljc" "env/dev/cljs"]...[0m
[32mSuccessfully compiled "target/cljsbuild/public/js/app.js" in 0.925 seconds.[0m
notifying browser that file changed:  target/cljsbuild/public/js/out/cljs_deps.js
notifying browser that file changed:  target/cljsbuild/public/js/out/test_task/core.js
[0mCompiling "target/cljsbuild/public/js/app.js" from ["src/cljs" "src/cljc" "env/dev/cljs"]...[0m
[32mSuccessfully compiled "target/cljsbuild/public/js/app.js" in 0.914 seconds.[0m
notifying browser that file changed:  target/cljsbuild/public/js/out/test_task/core.js
[0mCompiling "target/cljsbuild/public/js/app.js" from ["src/cljs" "src/cljc" "env/dev/cljs"]...[0m
[32mSuccessfully compiled "target/cljsbuild/public/js/app.js" in 0.791 seconds.[0m
notifying browser that file changed:  target/cljsbuild/public/js/out/test_task/core.js
[0mCompiling "target/cljsbuild/public/js/app.js" from ["src/cljs" "src/cljc" "env/dev/cljs"]...[0m
[32mSuccessfully compiled "target/cljsbuild/public/js/app.js" in 0.935 seconds.[0m
notifying browser that file changed:  target/cljsbuild/public/js/out/test_task/core.js
[0mCompiling "target/cljsbuild/public/js/app.js" from ["src/cljs" "src/cljc" "env/dev/cljs"]...[0m
[32mSuccessfully compiled "target/cljsbuild/public/js/app.js" in 0.74 seconds.[0m
notifying browser that file changed:  target/cljsbuild/public/js/out/test_task/core.js
[0mCompiling "target/cljsbuild/public/js/app.js" from ["src/cljs" "src/cljc" "env/dev/cljs"]...[0m
[32mSuccessfully compiled "target/cljsbuild/public/js/app.js" in 0.777 seconds.[0m
notifying browser that file changed:  target/cljsbuild/public/js/out/test_task/core.js
[0mCompiling "target/cljsbuild/public/js/app.js" from ["src/cljs" "src/cljc" "env/dev/cljs"]...[0m
[32mSuccessfully compiled "target/cljsbuild/public/js/app.js" in 0.815 seconds.[0m
notifying browser that file changed:  target/cljsbuild/public/js/out/test_task/core.js
[0mCompiling "target/cljsbuild/public/js/app.js" from ["src/cljs" "src/cljc" "env/dev/cljs"]...[0m
[32mSuccessfully compiled "target/cljsbuild/public/js/app.js" in 0.821 seconds.[0m
notifying browser that file changed:  target/cljsbuild/public/js/out/test_task/core.js
[0mCompiling "target/cljsbuild/public/js/app.js" from ["src/cljs" "src/cljc" "env/dev/cljs"]...[0m
[32mSuccessfully compiled "target/cljsbuild/public/js/app.js" in 0.799 seconds.[0m
notifying browser that file changed:  target/cljsbuild/public/js/out/test_task/core.js
[0mCompiling "target/cljsbuild/public/js/app.js" from ["src/cljs" "src/cljc" "env/dev/cljs"]...[0m
[32mSuccessfully compiled "target/cljsbuild/public/js/app.js" in 0.986 seconds.[0m
notifying browser that file changed:  target/cljsbuild/public/js/out/test_task/core.js
[0mCompiling "target/cljsbuild/public/js/app.js" from ["src/cljs" "src/cljc" "env/dev/cljs"]...[0m
[32mSuccessfully compiled "target/cljsbuild/public/js/app.js" in 0.78 seconds.[0m
notifying browser that file changed:  target/cljsbuild/public/js/out/test_task/core.js
[0mCompiling "target/cljsbuild/public/js/app.js" from ["src/cljs" "src/cljc" "env/dev/cljs"]...[0m
[32mSuccessfully compiled "target/cljsbuild/public/js/app.js" in 0.78 seconds.[0m
notifying browser that file changed:  target/cljsbuild/public/js/out/test_task/core.js
[0mCompiling "target/cljsbuild/public/js/app.js" from ["src/cljs" "src/cljc" "env/dev/cljs"]...[0m
[32mSuccessfully compiled "target/cljsbuild/public/js/app.js" in 0.745 seconds.[0m
notifying browser that file changed:  target/cljsbuild/public/js/out/test_task/core.js
[0mCompiling "target/cljsbuild/public/js/app.js" from ["src/cljs" "src/cljc" "env/dev/cljs"]...[0m
[32mSuccessfully compiled "target/cljsbuild/public/js/app.js" in 0.899 seconds.[0m
notifying browser that file changed:  target/cljsbuild/public/js/out/test_task/core.js
[0mCompiling "target/cljsbuild/public/js/app.js" from ["src/cljs" "src/cljc" "env/dev/cljs"]...[0m
[32mSuccessfully compiled "target/cljsbuild/public/js/app.js" in 1.047 seconds.[0m
notifying browser that file changed:  target/cljsbuild/public/js/out/goog/deps.js
notifying browser that file changed:  target/cljsbuild/public/js/out/cljs_deps.js
notifying browser that file changed:  target/cljsbuild/public/js/out/test_task/core.js
[0mCompiling "target/cljsbuild/public/js/app.js" from ["src/cljs" "src/cljc" "env/dev/cljs"]...[0m
[32mSuccessfully compiled "target/cljsbuild/public/js/app.js" in 0.964 seconds.[0m
notifying browser that file changed:  target/cljsbuild/public/js/out/test_task/core.js
[0mCompiling "target/cljsbuild/public/js/app.js" from ["src/cljs" "src/cljc" "env/dev/cljs"]...[0m
[32mSuccessfully compiled "target/cljsbuild/public/js/app.js" in 0.926 seconds.[0m
notifying browser that file changed:  target/cljsbuild/public/js/out/test_task/core.js
[0mCompiling "target/cljsbuild/public/js/app.js" from ["src/cljs" "src/cljc" "env/dev/cljs"]...[0m
[32mSuccessfully compiled "target/cljsbuild/public/js/app.js" in 0.966 seconds.[0m
notifying browser that file changed:  target/cljsbuild/public/js/out/test_task/core.js
[0mCompiling "target/cljsbuild/public/js/app.js" from ["src/cljs" "src/cljc" "env/dev/cljs"]...[0m
[32mSuccessfully compiled "target/cljsbuild/public/js/app.js" in 1.035 seconds.[0m
notifying browser that file changed:  target/cljsbuild/public/js/out/test_task/core.js
[0mCompiling "target/cljsbuild/public/js/app.js" from ["src/cljs" "src/cljc" "env/dev/cljs"]...[0m
[32mSuccessfully compiled "target/cljsbuild/public/js/app.js" in 0.841 seconds.[0m
notifying browser that file changed:  target/cljsbuild/public/js/out/test_task/core.js
[0mCompiling "target/cljsbuild/public/js/app.js" from ["src/cljs" "src/cljc" "env/dev/cljs"]...[0m
[32mSuccessfully compiled "target/cljsbuild/public/js/app.js" in 0.774 seconds.[0m
notifying browser that file changed:  target/cljsbuild/public/js/out/test_task/core.js
[0mCompiling "target/cljsbuild/public/js/app.js" from ["src/cljs" "src/cljc" "env/dev/cljs"]...[0m
[32mSuccessfully compiled "target/cljsbuild/public/js/app.js" in 0.867 seconds.[0m
notifying browser that file changed:  target/cljsbuild/public/js/out/test_task/core.js
[0mCompiling "target/cljsbuild/public/js/app.js" from ["src/cljs" "src/cljc" "env/dev/cljs"]...[0m
[32mSuccessfully compiled "target/cljsbuild/public/js/app.js" in 0.879 seconds.[0m
notifying browser that file changed:  target/cljsbuild/public/js/out/test_task/core.js
[0mCompiling "target/cljsbuild/public/js/app.js" from ["src/cljs" "src/cljc" "env/dev/cljs"]...[0m
[32mSuccessfully compiled "target/cljsbuild/public/js/app.js" in 0.802 seconds.[0m
notifying browser that file changed:  target/cljsbuild/public/js/out/test_task/core.js
[0mCompiling "target/cljsbuild/public/js/app.js" from ["src/cljs" "src/cljc" "env/dev/cljs"]...[0m
[32mSuccessfully compiled "target/cljsbuild/public/js/app.js" in 0.794 seconds.[0m
notifying browser that file changed:  target/cljsbuild/public/js/out/test_task/core.js
[0mCompiling "target/cljsbuild/public/js/app.js" from ["src/cljs" "src/cljc" "env/dev/cljs"]...[0m
[32mSuccessfully compiled "target/cljsbuild/public/js/app.js" in 0.761 seconds.[0m
notifying browser that file changed:  target/cljsbuild/public/js/out/test_task/core.js
[0mCompiling "target/cljsbuild/public/js/app.js" from ["src/cljs" "src/cljc" "env/dev/cljs"]...[0m
[32mSuccessfully compiled "target/cljsbuild/public/js/app.js" in 0.738 seconds.[0m
notifying browser that file changed:  target/cljsbuild/public/js/out/test_task/core.js
[0mCompiling "target/cljsbuild/public/js/app.js" from ["src/cljs" "src/cljc" "env/dev/cljs"]...[0m
[32mSuccessfully compiled "target/cljsbuild/public/js/app.js" in 0.946 seconds.[0m
notifying browser that file changed:  target/cljsbuild/public/js/out/test_task/core.js
